Arguments: 
  /usr/local/bin/node /usr/local/bin/yarn

PATH: 
  /Users/wanzy/APP/flutter/bin:/Library/Java/JavaVirtualMachines/jdk1.8.0_231.jdk/Contents/Home/bin:/usr/local/bin:/usr/bin:/bin:/usr/sbin:/sbin:/Users/wanzy/APP/flutter/bin:/Library/Java/JavaVirtualMachines/jdk1.8.0_231.jdk/Contents/Home/bin:.:/Users/wanzy/Library/Android/sdk/tools:/Users/wanzy/Library/Android/sdk/platform-tools:.:/Users/wanzy/Library/Android/sdk/tools:/Users/wanzy/Library/Android/sdk/platform-tools

Yarn version: 
  1.22.4

Node version: 
  12.13.0

Platform: 
  darwin x64

Trace: 
  SyntaxError: /Users/wanzy/Develop/WZYStudyRecord/React/NextDemo/package.json: Unexpected token } in JSON at position 241
      at JSON.parse (<anonymous>)
      at /usr/local/lib/node_modules/yarn/lib/cli.js:1625:59
      at Generator.next (<anonymous>)
      at step (/usr/local/lib/node_modules/yarn/lib/cli.js:310:30)
      at /usr/local/lib/node_modules/yarn/lib/cli.js:321:13

npm manifest: 
  {
    "name": "nextdemo",
    "version": "1.0.0",
    "description": "",
    "main": "index.js",
    "scripts": {
      "test": "echo \"Error: no test specified\" && exit 1",
      "dev" : "next",
      "build" : "next build",
      "start" : "next start",
    },
    "author": "",
    "license": "ISC",
    "dependencies": {
      "next": "^10.0.2",
      "react": "^17.0.1",
      "react-dom": "^17.0.1"
    }
  }

yarn manifest: 
  No manifest

Lockfile: 
  No lockfile
